kotlin version: 1.8.22
error message: Daemon compilation failed: null
java.lang.Exception
	at org.jetbrains.kotlin.daemon.common.CompileService$CallResult$Error.get(CompileService.kt:69)
	at org.jetbrains.kotlin.daemon.common.CompileService$CallResult$Error.get(CompileService.kt:65)
	at org.jetbrains.kotlin.compilerRunner.GradleKotlinCompilerWork.compileWithDaemon(GradleKotlinCompilerWork.kt:227)
	at org.jetbrains.kotlin.compilerRunner.GradleKotlinCompilerWork.compileWithDaemonOrFallbackImpl(GradleKotlinCompilerWork.kt:161)
	at org.jetbrains.kotlin.compilerRunner.GradleKotlinCompilerWork.run(GradleKotlinCompilerWork.kt:132)
	at org.jetbrains.kotlin.compilerRunner.GradleCompilerRunnerWithWorkers$GradleKotlinCompilerWorkAction.execute(GradleCompilerRunnerWithWorkers.kt:76)
	at org.gradle.workers.internal.DefaultWorkerServer.execute(DefaultWorkerServer.java:63)
	at org.gradle.workers.internal.NoIsolationWorkerFactory$1$1.create(NoIsolationWorkerFactory.java:66)
	at org.gradle.workers.internal.NoIsolationWorkerFactory$1$1.create(NoIsolationWorkerFactory.java:62)
	at org.gradle.internal.classloader.ClassLoaderUtils.executeInClassloader(ClassLoaderUtils.java:100)
	at org.gradle.workers.internal.NoIsolationWorkerFactory$1.lambda$execute$0(NoIsolationWorkerFactory.java:62)
	at org.gradle.workers.internal.AbstractWorker$1.call(AbstractWorker.java:44)
	at org.gradle.workers.internal.AbstractWorker$1.call(AbstractWorker.java:41)
	at org.gradle.internal.operations.DefaultBuildOperationRunner$CallableBuildOperationWorker.execute(DefaultBuildOperationRunner.java:204)
	at org.gradle.internal.operations.DefaultBuildOperationRunner$CallableBuildOperationWorker.execute(DefaultBuildOperationRunner.java:199)
	at org.gradle.internal.operations.DefaultBuildOperationRunner$2.execute(DefaultBuildOperationRunner.java:66)
	at org.gradle.internal.operations.DefaultBuildOperationRunner$2.execute(DefaultBuildOperationRunner.java:59)
	at org.gradle.internal.operations.DefaultBuildOperationRunner.execute(DefaultBuildOperationRunner.java:157)
	at org.gradle.internal.operations.DefaultBuildOperationRunner.execute(DefaultBuildOperationRunner.java:59)
	at org.gradle.internal.operations.DefaultBuildOperationRunner.call(DefaultBuildOperationRunner.java:53)
	at org.gradle.internal.operations.DefaultBuildOperationExecutor.call(DefaultBuildOperationExecutor.java:73)
	at org.gradle.workers.internal.AbstractWorker.executeWrappedInBuildOperation(AbstractWorker.java:41)
	at org.gradle.workers.internal.NoIsolationWorkerFactory$1.execute(NoIsolationWorkerFactory.java:59)
	at org.gradle.workers.internal.DefaultWorkerExecutor.lambda$submitWork$0(DefaultWorkerExecutor.java:169)
	at java.base/java.util.concurrent.FutureTask.run(FutureTask.java:264)
	at org.gradle.internal.work.DefaultConditionalExecutionQueue$ExecutionRunner.runExecution(DefaultConditionalExecutionQueue.java:187)
	at org.gradle.internal.work.DefaultConditionalExecutionQueue$ExecutionRunner.access$700(DefaultConditionalExecutionQueue.java:120)
	at org.gradle.internal.work.DefaultConditionalExecutionQueue$ExecutionRunner$1.run(DefaultConditionalExecutionQueue.java:162)
	at org.gradle.internal.Factories$1.create(Factories.java:31)
	at org.gradle.internal.work.DefaultWorkerLeaseService.withLocks(DefaultWorkerLeaseService.java:249)
	at org.gradle.internal.work.DefaultWorkerLeaseService.runAsWorkerThread(DefaultWorkerLeaseService.java:109)
	at org.gradle.internal.work.DefaultWorkerLeaseService.runAsWorkerThread(DefaultWorkerLeaseService.java:114)
	at org.gradle.internal.work.DefaultConditionalExecutionQueue$ExecutionRunner.runBatch(DefaultConditionalExecutionQueue.java:157)
	at org.gradle.internal.work.DefaultConditionalExecutionQueue$ExecutionRunner.run(DefaultConditionalExecutionQueue.java:126)
	at java.base/java.util.concurrent.Executors$RunnableAdapter.call(Executors.java:539)
	at java.base/java.util.concurrent.FutureTask.run(FutureTask.java:264)
	at org.gradle.internal.concurrent.ExecutorPolicy$CatchAndRecordFailures.onExecute(ExecutorPolicy.java:64)
	at org.gradle.internal.concurrent.ManagedExecutorImpl$1.run(ManagedExecutorImpl.java:49)
	at java.base/java.util.concurrent.ThreadPoolExecutor.runWorker(ThreadPoolExecutor.java:1136)
	at java.base/java.util.concurrent.ThreadPoolExecutor$Worker.run(ThreadPoolExecutor.java:635)
	at java.base/java.lang.Thread.run(Thread.java:840)
Caused by: java.lang.RuntimeException: java.io.FileNotFoundException: E:\flutter\phone_store\build\stripe_android\kotlin\compileDebugKotlin\cacheable\caches-jvm\lookups\lookups.tab.keystream (The process cannot access the file because it is being used by another process)
	at org.jetbrains.kotlin.com.intellij.util.io.ResizeableMappedFile.expand(ResizeableMappedFile.java:108)
	at org.jetbrains.kotlin.com.intellij.util.io.ResizeableMappedFile.ensureSize(ResizeableMappedFile.java:74)
	at org.jetbrains.kotlin.com.intellij.util.io.ResizeableMappedFile.put(ResizeableMappedFile.java:229)
	at org.jetbrains.kotlin.com.intellij.util.io.keyStorage.AppendableStorageBackedByResizableMappedFile.flushKeyStoreBuffer(AppendableStorageBackedByResizableMappedFile.java:38)
	at org.jetbrains.kotlin.com.intellij.util.io.keyStorage.AppendableStorageBackedByResizableMappedFile.force(AppendableStorageBackedByResizableMappedFile.java:46)
	at org.jetbrains.kotlin.com.intellij.util.io.PersistentEnumeratorBase.force(PersistentEnumeratorBase.java:588)
	at org.jetbrains.kotlin.com.intellij.util.io.PersistentEnumeratorBase.markCorrupted(PersistentEnumeratorBase.java:638)
	at org.jetbrains.kotlin.com.intellij.util.io.PersistentEnumeratorBase.doEnumerate(PersistentEnumeratorBase.java:315)
	at org.jetbrains.kotlin.com.intellij.util.io.PersistentEnumeratorBase.enumerate(PersistentEnumeratorBase.java:335)
	at org.jetbrains.kotlin.com.intellij.util.io.PersistentHashMap.enumerate(PersistentHashMap.java:486)
	at org.jetbrains.kotlin.com.intellij.util.io.PersistentHashMap$4.onDropFromCache(PersistentHashMap.java:283)
	at org.jetbrains.kotlin.com.intellij.util.io.PersistentHashMap$4.onDropFromCache(PersistentHashMap.java:265)
	at org.jetbrains.kotlin.com.intellij.util.containers.SLRUMap$2.removeEldestEntry(SLRUMap.java:70)
	at org.jetbrains.kotlin.com.intellij.util.containers.hash.LinkedHashMap.put(LinkedHashMap.java:127)
	at org.jetbrains.kotlin.com.intellij.util.containers.SLRUMap.put(SLRUMap.java:107)
	at org.jetbrains.kotlin.com.intellij.util.containers.SLRUCache.get(SLRUCache.java:48)
	at org.jetbrains.kotlin.com.intellij.util.io.PersistentHashMap.doAppendData(PersistentHashMap.java:529)
	at org.jetbrains.kotlin.com.intellij.util.io.PersistentHashMap.appendData(PersistentHashMap.java:507)
	at org.jetbrains.kotlin.incremental.storage.CachingLazyStorage.append(CachingLazyStorage.kt:83)
	at org.jetbrains.kotlin.incremental.storage.LookupMap.append(LookupMap.kt:42)
	at org.jetbrains.kotlin.incremental.TrackedLookupMap.append(LookupStorage.kt:317)
	at org.jetbrains.kotlin.incremental.LookupStorage.addAll(LookupStorage.kt:124)
	at org.jetbrains.kotlin.incremental.BuildUtilKt.update(buildUtil.kt:137)
	at org.jetbrains.kotlin.incremental.IncrementalCompilerRunner.doCompile(IncrementalCompilerRunner.kt:525)
	at org.jetbrains.kotlin.incremental.IncrementalCompilerRunner.compileImpl(IncrementalCompilerRunner.kt:409)
	at org.jetbrains.kotlin.incremental.IncrementalCompilerRunner.compileNonIncrementally(IncrementalCompilerRunner.kt:290)
	at org.jetbrains.kotlin.incremental.IncrementalCompilerRunner.compile(IncrementalCompilerRunner.kt:112)
	at org.jetbrains.kotlin.daemon.CompileServiceImplBase.execIncrementalCompiler(CompileServiceImpl.kt:627)
	at org.jetbrains.kotlin.daemon.CompileServiceImplBase.access$execIncrementalCompiler(CompileServiceImpl.kt:101)
	at org.jetbrains.kotlin.daemon.CompileServiceImpl.compile(CompileServiceImpl.kt:1587)
	at java.base/jdk.internal.reflect.NativeMethodAccessorImpl.invoke0(Native Method)
	at java.base/jdk.internal.reflect.NativeMethodAccessorImpl.invoke(NativeMethodAccessorImpl.java:77)
	at java.base/jdk.internal.reflect.DelegatingMethodAccessorImpl.invoke(DelegatingMethodAccessorImpl.java:43)
	at java.base/java.lang.reflect.Method.invoke(Method.java:568)
	at java.rmi/sun.rmi.server.UnicastServerRef.dispatch(UnicastServerRef.java:360)
	at java.rmi/sun.rmi.transport.Transport$1.run(Transport.java:200)
	at java.rmi/sun.rmi.transport.Transport$1.run(Transport.java:197)
	at java.base/java.security.AccessController.doPrivileged(AccessController.java:712)
	at java.rmi/sun.rmi.transport.Transport.serviceCall(Transport.java:196)
	at java.rmi/sun.rmi.transport.tcp.TCPTransport.handleMessages(TCPTransport.java:587)
	at java.rmi/sun.rmi.transport.tcp.TCPTransport$ConnectionHandler.run0(TCPTransport.java:828)
	at java.rmi/sun.rmi.transport.tcp.TCPTransport$ConnectionHandler.lambda$run$0(TCPTransport.java:705)
	at java.base/java.security.AccessController.doPrivileged(AccessController.java:399)
	at java.rmi/sun.rmi.transport.tcp.TCPTransport$ConnectionHandler.run(TCPTransport.java:704)
	... 3 more
	Suppressed: java.lang.AssertionError: java.lang.Exception: Could not flush incremental caches in E:\flutter\phone_store\build\stripe_android\kotlin\compileDebugKotlin\cacheable\caches-jvm\lookups: lookups.tab
		at org.jetbrains.kotlin.com.google.common.io.Closer.close(Closer.java:225)
		at org.jetbrains.kotlin.incremental.IncrementalCachesManager.close(IncrementalCachesManager.kt:55)
		at kotlin.io.CloseableKt.closeFinally(Closeable.kt:59)
		at org.jetbrains.kotlin.incremental.IncrementalCompilerRunner.compileNonIncrementally(IncrementalCompilerRunner.kt:282)
		... 21 more
	Caused by: java.lang.Exception: Could not flush incremental caches in E:\flutter\phone_store\build\stripe_android\kotlin\compileDebugKotlin\cacheable\caches-jvm\lookups: lookups.tab
		at org.jetbrains.kotlin.incremental.storage.BasicMapsOwner.forEachMapSafe(BasicMapsOwner.kt:64)
		at org.jetbrains.kotlin.incremental.storage.BasicMapsOwner.flush(BasicMapsOwner.kt:48)
		at org.jetbrains.kotlin.incremental.LookupStorage.flush(LookupStorage.kt:155)
		at org.jetbrains.kotlin.incremental.IncrementalCachesManager$CacheCloser.close(IncrementalCachesManager.kt:64)
		at org.jetbrains.kotlin.com.google.common.io.Closer.close(Closer.java:213)
		... 24 more
		Suppressed: java.lang.RuntimeException: java.io.IOException: java.lang.IndexOutOfBoundsException
			at org.jetbrains.kotlin.com.intellij.util.io.PersistentHashMap$4.onDropFromCache(PersistentHashMap.java:307)
			at org.jetbrains.kotlin.com.intellij.util.io.PersistentHashMap$4.onDropFromCache(PersistentHashMap.java:265)
			at org.jetbrains.kotlin.com.intellij.util.containers.SLRUMap.clear(SLRUMap.java:172)
			at org.jetbrains.kotlin.com.intellij.util.io.PersistentHashMap.clearAppenderCaches(PersistentHashMap.java:788)
			at org.jetbrains.kotlin.com.intellij.util.io.PersistentHashMap.doForce(PersistentHashMap.java:775)
			at org.jetbrains.kotlin.com.intellij.util.io.PersistentHashMap.force(PersistentHashMap.java:767)
			at org.jetbrains.kotlin.incremental.storage.CachingLazyStorage.flush(CachingLazyStorage.kt:107)
			at org.jetbrains.kotlin.incremental.storage.BasicMap.flush(BasicMap.kt:43)
			at org.jetbrains.kotlin.incremental.storage.BasicMapsOwner$flush$1.invoke(BasicMapsOwner.kt:48)
			at org.jetbrains.kotlin.incremental.storage.BasicMapsOwner$flush$1.invoke(BasicMapsOwner.kt:48)
			at org.jetbrains.kotlin.incremental.storage.BasicMapsOwner.forEachMapSafe(BasicMapsOwner.kt:56)
			... 28 more
		Caused by: java.io.IOException: java.lang.IndexOutOfBoundsException
			at org.jetbrains.kotlin.com.intellij.util.io.PersistentEnumeratorBase.doEnumerate(PersistentEnumeratorBase.java:321)
			at org.jetbrains.kotlin.com.intellij.util.io.PersistentEnumeratorBase.enumerate(PersistentEnumeratorBase.java:335)
			at org.jetbrains.kotlin.com.intellij.util.io.PersistentHashMap.enumerate(PersistentHashMap.java:486)
			at org.jetbrains.kotlin.com.intellij.util.io.PersistentHashMap$4.onDropFromCache(PersistentHashMap.java:283)
			... 38 more
		Caused by: java.lang.IndexOutOfBoundsException
			at java.base/java.nio.Buffer.checkIndex(Buffer.java:749)
			at java.base/java.nio.DirectByteBuffer.getInt(DirectByteBuffer.java:699)
			at org.jetbrains.kotlin.com.intellij.util.io.IntToIntBtree$BtreePage.getInt(IntToIntBtree.java:377)
			at org.jetbrains.kotlin.com.intellij.util.io.IntToIntBtree$BtreeIndexNodeView.keyAt(IntToIntBtree.java:464)
			at org.jetbrains.kotlin.com.intellij.util.io.IntToIntBtree$BtreeIndexNodeView.insert(IntToIntBtree.java:1072)
			at org.jetbrains.kotlin.com.intellij.util.io.IntToIntBtree$BtreeIndexNodeView.splitNode(IntToIntBtree.java:679)
			at org.jetbrains.kotlin.com.intellij.util.io.IntToIntBtree$BtreeIndexNodeView.locate(IntToIntBtree.java:984)
			at org.jetbrains.kotlin.com.intellij.util.io.IntToIntBtree$BtreeIndexNodeView.access$000(IntToIntBtree.java:404)
			at org.jetbrains.kotlin.com.intellij.util.io.IntToIntBtree.doPut(IntToIntBtree.java:238)
			at org.jetbrains.kotlin.com.intellij.util.io.IntToIntBtree.put(IntToIntBtree.java:230)
			at org.jetbrains.kotlin.com.intellij.util.io.PersistentBTreeEnumerator.enumerateImpl(PersistentBTreeEnumerator.java:480)
			at org.jetbrains.kotlin.com.intellij.util.io.PersistentEnumeratorBase.doEnumerate(PersistentEnumeratorBase.java:311)
			... 41 more
Caused by: java.io.FileNotFoundException: E:\flutter\phone_store\build\stripe_android\kotlin\compileDebugKotlin\cacheable\caches-jvm\lookups\lookups.tab.keystream (The process cannot access the file because it is being used by another process)
	at java.base/java.io.RandomAccessFile.open0(Native Method)
	at java.base/java.io.RandomAccessFile.open(RandomAccessFile.java:344)
	at java.base/java.io.RandomAccessFile.<init>(RandomAccessFile.java:259)
	at java.base/java.io.RandomAccessFile.<init>(RandomAccessFile.java:213)
	at org.jetbrains.kotlin.com.intellij.util.io.PagedFileStorage.resizeFile(PagedFileStorage.java:265)
	at org.jetbrains.kotlin.com.intellij.util.io.PagedFileStorage.resize(PagedFileStorage.java:248)
	at org.jetbrains.kotlin.com.intellij.util.io.ResizeableMappedFile.expand(ResizeableMappedFile.java:105)
	... 46 more


